  main.cpp
C:\Users\adham\OneDrive\Desktop\ACM\sfmlSolving\External\SFML\include\SFML\System\Exception.hpp(41,47): warning C4275: non dll-interface class 'std::runtime_error' used as base for dll-interface class 'sf::Exception'
  (compiling source file 'main.cpp')
      C:\Program Files\Microsoft Visual Studio\2022\Community\VC\Tools\MSVC\14.42.34433\include\stdexcept(100,19):
      see declaration of 'std::runtime_error'
      C:\Users\adham\OneDrive\Desktop\ACM\sfmlSolving\External\SFML\include\SFML\System\Exception.hpp(41,23):
      see declaration of 'sf::Exception'
  
main.obj : error LNK2019: unresolved external symbol "__declspec(dllimport) public: void __thiscall sf::Shape::setFillColor(class sf::Color)" (__imp_?setFillColor@Shape@sf@@QAEXVColor@2@@Z) referenced in function _main
main.obj : error LNK2019: unresolved external symbol "__declspec(dllimport) public: __thiscall sf::CircleShape::CircleShape(float,unsigned int)" (__imp_??0CircleShape@sf@@QAE@MI@Z) referenced in function _main
main.obj : error LNK2019: unresolved external symbol "__declspec(dllimport) public: virtual __thiscall sf::CircleShape::~CircleShape(void)" (__imp_??1CircleShape@sf@@UAE@XZ) referenced in function _main
main.obj : error LNK2019: unresolved external symbol "__declspec(dllimport) public: void __thiscall sf::RenderTarget::clear(class sf::Color)" (__imp_?clear@RenderTarget@sf@@QAEXVColor@2@@Z) referenced in function _main
main.obj : error LNK2019: unresolved external symbol "__declspec(dllimport) public: void __thiscall sf::RenderTarget::draw(class sf::Drawable const &,struct sf::RenderStates const &)" (__imp_?draw@RenderTarget@sf@@QAEXABVDrawable@2@ABURenderStates@2@@Z) referenced in function _main
main.obj : error LNK2019: unresolved external symbol "__declspec(dllimport) public: __thiscall sf::VideoMode::VideoMode(class sf::Vector2<unsigned int>,unsigned int)" (__imp_??0VideoMode@sf@@QAE@V?$Vector2@I@1@I@Z) referenced in function _main
main.obj : error LNK2019: unresolved external symbol "__declspec(dllimport) public: bool __thiscall sf::WindowBase::isOpen(void)const " (__imp_?isOpen@WindowBase@sf@@QBE_NXZ) referenced in function _main
main.obj : error LNK2019: unresolved external symbol "__declspec(dllimport) public: class std::optional<class sf::Event> __thiscall sf::WindowBase::pollEvent(void)" (__imp_?pollEvent@WindowBase@sf@@QAE?AV?$optional@VEvent@sf@@@std@@XZ) referenced in function _main
main.obj : error LNK2019: unresolved external symbol "__declspec(dllimport) public: __thiscall sf::String::String(char const *,class std::locale const &)" (__imp_??0String@sf@@QAE@PBDABVlocale@std@@@Z) referenced in function _main
main.obj : error LNK2019: unresolved external symbol "__declspec(dllimport) public: __thiscall sf::String::~String(void)" (__imp_??1String@sf@@QAE@XZ) referenced in function _main
main.obj : error LNK2019: unresolved external symbol "__declspec(dllimport) public: virtual void __thiscall sf::Window::close(void)" (__imp_?close@Window@sf@@UAEXXZ) referenced in function _main
main.obj : error LNK2019: unresolved external symbol "__declspec(dllimport) public: void __thiscall sf::Window::display(void)" (__imp_?display@Window@sf@@QAEXXZ) referenced in function _main
main.obj : error LNK2019: unresolved external symbol "__declspec(dllimport) public: __thiscall sf::RenderWindow::RenderWindow(class sf::VideoMode,class sf::String const &,unsigned int,enum sf::State,struct sf::ContextSettings const &)" (__imp_??0RenderWindow@sf@@QAE@VVideoMode@1@ABVString@1@IW4State@1@ABUContextSettings@1@@Z) referenced in function _main
main.obj : error LNK2019: unresolved external symbol "__declspec(dllimport) public: virtual __thiscall sf::RenderWindow::~RenderWindow(void)" (__imp_??1RenderWindow@sf@@UAE@XZ) referenced in function _main
main.obj : error LNK2019: unresolved external symbol "__declspec(dllimport) public: static struct sf::RenderStates const sf::RenderStates::Default" (__imp_?Default@RenderStates@sf@@2U12@B) referenced in function _main
C:\Users\adham\OneDrive\Desktop\ACM\sfmlSolving\External\SFML\lib\sfml-graphics-d.lib : warning LNK4272: library machine type 'x64' conflicts with target machine type 'x86'
C:\Users\adham\OneDrive\Desktop\ACM\sfmlSolving\External\SFML\lib\sfml-window-d.lib : warning LNK4272: library machine type 'x64' conflicts with target machine type 'x86'
C:\Users\adham\OneDrive\Desktop\ACM\sfmlSolving\External\SFML\lib\sfml-audio-d.lib : warning LNK4272: library machine type 'x64' conflicts with target machine type 'x86'
C:\Users\adham\OneDrive\Desktop\ACM\sfmlSolving\External\SFML\lib\sfml-network-d.lib : warning LNK4272: library machine type 'x64' conflicts with target machine type 'x86'
C:\Users\adham\OneDrive\Desktop\ACM\sfmlSolving\External\SFML\lib\sfml-system-d.lib : warning LNK4272: library machine type 'x64' conflicts with target machine type 'x86'
C:\Users\adham\OneDrive\Desktop\ACM\sfmlSolving\Debug\sfmlSolving.exe : fatal error LNK1120: 15 unresolved externals
